Build started 9/19/2012 5:24:48 PM.
     1>Project "c:\Users\Vadim\Documents\Visual Studio 2010\Projects\Seniv_Lab1\Seniv_Lab1\Seniv_Lab1.vcxproj" on node 2 (build target(s)).
     1>InitializeBuildStatus:
         Touching "Release\Seniv_Lab1.unsuccessfulbuild".
       ClCompile:
         d:\Program Files\Microsoft Visual Studio 10.0\VC\bin\CL.exe /c /Zi /nologo /W3 /WX- /O2 /Oi /Oy- /GL /D WIN32 /D NDEBUG /D _CONSOLE /D _UNICODE /D UNICODE /Gm- /EHsc /MD /GS /Gy /arch:SSE2 /fp:precise /Zc:wchar_t /Zc:forScope /FAs /Fa"Release\\" /Fo"Release\\" /Fd"Release\vc100.pdb" /Gd /TP /analyze- /errorReport:prompt Seniv_Lab1.cpp
         Seniv_Lab1.cpp
     1>c:\users\vadim\documents\visual studio 2010\projects\seniv_lab1\seniv_lab1\Random.h(18): warning C4244: '=' : conversion from 'time_t' to 'int', possible loss of data
     1>Seniv_Lab1.cpp(25): warning C4996: 'scanf': This function or variable may be unsafe. Consider using scanf_s instead. To disable deprecation, use _CRT_SECURE_NO_WARNINGS. See online help for details.
                 D:\Program Files\Microsoft Visual Studio 10.0\VC\include\stdio.h(304) : see declaration of 'scanf'
     1>Seniv_Lab1.cpp(28): warning C4996: 'scanf': This function or variable may be unsafe. Consider using scanf_s instead. To disable deprecation, use _CRT_SECURE_NO_WARNINGS. See online help for details.
                 D:\Program Files\Microsoft Visual Studio 10.0\VC\include\stdio.h(304) : see declaration of 'scanf'
     1>Seniv_Lab1.cpp(31): warning C4996: 'scanf': This function or variable may be unsafe. Consider using scanf_s instead. To disable deprecation, use _CRT_SECURE_NO_WARNINGS. See online help for details.
                 D:\Program Files\Microsoft Visual Studio 10.0\VC\include\stdio.h(304) : see declaration of 'scanf'
     1>Seniv_Lab1.cpp(34): warning C4996: 'scanf': This function or variable may be unsafe. Consider using scanf_s instead. To disable deprecation, use _CRT_SECURE_NO_WARNINGS. See online help for details.
                 D:\Program Files\Microsoft Visual Studio 10.0\VC\include\stdio.h(304) : see declaration of 'scanf'
     1>Seniv_Lab1.cpp(40): warning C4996: 'fopen': This function or variable may be unsafe. Consider using fopen_s instead. To disable deprecation, use _CRT_SECURE_NO_WARNINGS. See online help for details.
                 D:\Program Files\Microsoft Visual Studio 10.0\VC\include\stdio.h(234) : see declaration of 'fopen'
       Link:
         d:\Program Files\Microsoft Visual Studio 10.0\VC\bin\link.exe /ERRORREPORT:PROMPT /OUT:"c:\Users\Vadim\Documents\Visual Studio 2010\Projects\Seniv_Lab1\Release\Seniv_Lab1.exe" /INCREMENTAL:NO /NOLOGO kernel32.lib user32.lib gdi32.lib winspool.lib comdlg32.lib advapi32.lib shell32.lib ole32.lib oleaut32.lib uuid.lib odbc32.lib odbccp32.lib /MANIFEST /ManifestFile:"Release\Seniv_Lab1.exe.intermediate.manifest" /MANIFESTUAC:"level='asInvoker' uiAccess='false'" /DEBUG /PDB:"c:\Users\Vadim\Documents\Visual Studio 2010\Projects\Seniv_Lab1\Release\Seniv_Lab1.pdb" /SUBSYSTEM:CONSOLE /OPT:REF /OPT:ICF /LTCG /TLBID:1 /DYNAMICBASE /NXCOMPAT /IMPLIB:"c:\Users\Vadim\Documents\Visual Studio 2010\Projects\Seniv_Lab1\Release\Seniv_Lab1.lib" /MACHINE:X86 Release\Seniv_Lab1.obj
         Release\stdafx.obj
         Generating code
         Finished generating code
         Seniv_Lab1.vcxproj -> c:\Users\Vadim\Documents\Visual Studio 2010\Projects\Seniv_Lab1\Release\Seniv_Lab1.exe
       Manifest:
         C:\Program Files\Microsoft SDKs\Windows\v7.0A\bin\mt.exe /nologo /verbose /outputresource:"c:\Users\Vadim\Documents\Visual Studio 2010\Projects\Seniv_Lab1\Release\Seniv_Lab1.exe;#1" /manifest Release\Seniv_Lab1.exe.intermediate.manifest
       FinalizeBuildStatus:
         Deleting file "Release\Seniv_Lab1.unsuccessfulbuild".
         Touching "Release\Seniv_Lab1.lastbuildstate".
     1>Done Building Project "c:\Users\Vadim\Documents\Visual Studio 2010\Projects\Seniv_Lab1\Seniv_Lab1\Seniv_Lab1.vcxproj" (build target(s)).

Build succeeded.

Time Elapsed 00:00:03.03
