Build started 9/19/2012 6:21:05 PM.
     1>Project "c:\Users\Vadim\Documents\Visual Studio 2010\Projects\Seniv_Lab1\Seniv_Lab1\Seniv_Lab1.vcxproj" on node 2 (build target(s)).
     1>InitializeBuildStatus:
         Touching "Debug\Seniv_Lab1.unsuccessfulbuild".
       ClCompile:
         d:\Program Files\Microsoft Visual Studio 10.0\VC\bin\CL.exe /c /ZI /nologo /W3 /WX- /Od /Oy- /D WIN32 /D _DEBUG /D _CONSOLE /D _UNICODE /D UNICODE /Gm /EHsc /RTC1 /MDd /GS /arch:SSE2 /fp:precise /Zc:wchar_t /Zc:forScope /FAs /Fa"Debug\\" /Fo"Debug\\" /Fd"Debug\vc100.pdb" /Gd /TP /analyze- /errorReport:prompt Seniv_Lab1.cpp
         Seniv_Lab1.cpp
     1>c:\users\vadim\documents\visual studio 2010\projects\seniv_lab1\seniv_lab1\random.h(18): warning C4244: '=' : conversion from 'time_t' to 'int', possible loss of data
     1>c:\users\vadim\documents\visual studio 2010\projects\seniv_lab1\seniv_lab1\seniv_lab1.cpp(27): warning C4996: 'scanf': This function or variable may be unsafe. Consider using scanf_s instead. To disable deprecation, use _CRT_SECURE_NO_WARNINGS. See online help for details.
                 d:\program files\microsoft visual studio 10.0\vc\include\stdio.h(304) : see declaration of 'scanf'
     1>c:\users\vadim\documents\visual studio 2010\projects\seniv_lab1\seniv_lab1\seniv_lab1.cpp(43): warning C4996: 'scanf': This function or variable may be unsafe. Consider using scanf_s instead. To disable deprecation, use _CRT_SECURE_NO_WARNINGS. See online help for details.
                 d:\program files\microsoft visual studio 10.0\vc\include\stdio.h(304) : see declaration of 'scanf'
     1>c:\users\vadim\documents\visual studio 2010\projects\seniv_lab1\seniv_lab1\seniv_lab1.cpp(46): warning C4996: 'scanf': This function or variable may be unsafe. Consider using scanf_s instead. To disable deprecation, use _CRT_SECURE_NO_WARNINGS. See online help for details.
                 d:\program files\microsoft visual studio 10.0\vc\include\stdio.h(304) : see declaration of 'scanf'
     1>c:\users\vadim\documents\visual studio 2010\projects\seniv_lab1\seniv_lab1\seniv_lab1.cpp(49): warning C4996: 'scanf': This function or variable may be unsafe. Consider using scanf_s instead. To disable deprecation, use _CRT_SECURE_NO_WARNINGS. See online help for details.
                 d:\program files\microsoft visual studio 10.0\vc\include\stdio.h(304) : see declaration of 'scanf'
     1>c:\users\vadim\documents\visual studio 2010\projects\seniv_lab1\seniv_lab1\seniv_lab1.cpp(52): warning C4996: 'scanf': This function or variable may be unsafe. Consider using scanf_s instead. To disable deprecation, use _CRT_SECURE_NO_WARNINGS. See online help for details.
                 d:\program files\microsoft visual studio 10.0\vc\include\stdio.h(304) : see declaration of 'scanf'
     1>c:\users\vadim\documents\visual studio 2010\projects\seniv_lab1\seniv_lab1\seniv_lab1.cpp(61): warning C4996: 'fopen': This function or variable may be unsafe. Consider using fopen_s instead. To disable deprecation, use _CRT_SECURE_NO_WARNINGS. See online help for details.
                 d:\program files\microsoft visual studio 10.0\vc\include\stdio.h(234) : see declaration of 'fopen'
     1>c:\users\vadim\documents\visual studio 2010\projects\seniv_lab1\seniv_lab1\seniv_lab1.cpp(65): warning C4996: 'scanf': This function or variable may be unsafe. Consider using scanf_s instead. To disable deprecation, use _CRT_SECURE_NO_WARNINGS. See online help for details.
                 d:\program files\microsoft visual studio 10.0\vc\include\stdio.h(304) : see declaration of 'scanf'
       ManifestResourceCompile:
         All outputs are up-to-date.
       Link:
         d:\Program Files\Microsoft Visual Studio 10.0\VC\bin\link.exe /ERRORREPORT:PROMPT /OUT:"c:\Users\Vadim\Documents\Visual Studio 2010\Projects\Seniv_Lab1\Debug\Seniv_Lab1.exe" /INCREMENTAL /NOLOGO kernel32.lib user32.lib gdi32.lib winspool.lib comdlg32.lib advapi32.lib shell32.lib ole32.lib oleaut32.lib uuid.lib odbc32.lib odbccp32.lib /MANIFEST /ManifestFile:"Debug\Seniv_Lab1.exe.intermediate.manifest" /MANIFESTUAC:"level='asInvoker' uiAccess='false'" /DEBUG /PDB:"c:\Users\Vadim\Documents\Visual Studio 2010\Projects\Seniv_Lab1\Debug\Seniv_Lab1.pdb" /SUBSYSTEM:CONSOLE /TLBID:1 /DYNAMICBASE /NXCOMPAT /IMPLIB:"c:\Users\Vadim\Documents\Visual Studio 2010\Projects\Seniv_Lab1\Debug\Seniv_Lab1.lib" /MACHINE:X86 Debug\Seniv_Lab1.exe.embed.manifest.res
         Debug\Seniv_Lab1.obj
         Debug\stdafx.obj
       Manifest:
         C:\Program Files\Microsoft SDKs\Windows\v7.0A\bin\mt.exe /nologo /verbose /out:"Debug\Seniv_Lab1.exe.embed.manifest" /manifest Debug\Seniv_Lab1.exe.intermediate.manifest
         All outputs are up-to-date.
       LinkEmbedManifest:
         All outputs are up-to-date.
         Seniv_Lab1.vcxproj -> c:\Users\Vadim\Documents\Visual Studio 2010\Projects\Seniv_Lab1\Debug\Seniv_Lab1.exe
       FinalizeBuildStatus:
         Deleting file "Debug\Seniv_Lab1.unsuccessfulbuild".
         Touching "Debug\Seniv_Lab1.lastbuildstate".
     1>Done Building Project "c:\Users\Vadim\Documents\Visual Studio 2010\Projects\Seniv_Lab1\Seniv_Lab1\Seniv_Lab1.vcxproj" (build target(s)).

Build succeeded.

Time Elapsed 00:00:01.22
